DEPRECATION WARNING: Defining a route where `to` is a controller without an action is deprecated. Please change `to: '/'` to `controller: '/'`. (called from block in <top (required)> at /home/pascal/lockstockbarril/config/routes.rb:6)


Started GET "/" for 127.0.0.1 at 2016-01-21 13:59:46 +0100

ActiveRecord::PendingMigrationError (

Migrations are pending. To resolve this issue, run:

	bin/rake db:migrate RAILS_ENV=development

):
  activerecord (4.2.5) lib/active_record/migration.rb:392:in `check_pending!'
  activerecord (4.2.5) lib/active_record/migration.rb:373:in `call'
  actionpack (4.2.5) lib/action_dispatch/middleware/callbacks.rb:29:in `block in call'
  activesupport (4.2.5) lib/active_support/callbacks.rb:88:in `__run_callbacks__'
  activesupport (4.2.5) lib/active_support/callbacks.rb:778:in `_run_call_callbacks'
  activesupport (4.2.5) lib/active_support/callbacks.rb:81:in `run_callbacks'
  actionpack (4.2.5) lib/action_dispatch/middleware/callbacks.rb:27:in `call'
  actionpack (4.2.5) lib/action_dispatch/middleware/reloader.rb:73:in `call'
  actionpack (4.2.5) lib/action_dispatch/middleware/remote_ip.rb:78:in `call'
  actionpack (4.2.5) lib/action_dispatch/middleware/debug_exceptions.rb:17:in `call'
  web-console (2.2.1) lib/web_console/middleware.rb:39:in `call'
  actionpack (4.2.5) lib/action_dispatch/middleware/show_exceptions.rb:30:in `call'
  railties (4.2.5) lib/rails/rack/logger.rb:38:in `call_app'
  railties (4.2.5) lib/rails/rack/logger.rb:20:in `block in call'
  activesupport (4.2.5) lib/active_support/tagged_logging.rb:68:in `block in tagged'
  activesupport (4.2.5) lib/active_support/tagged_logging.rb:26:in `tagged'
  activesupport (4.2.5) lib/active_support/tagged_logging.rb:68:in `tagged'
  railties (4.2.5) lib/rails/rack/logger.rb:20:in `call'
  actionpack (4.2.5) lib/action_dispatch/middleware/request_id.rb:21:in `call'
  rack (1.6.4) lib/rack/methodoverride.rb:22:in `call'
  rack (1.6.4) lib/rack/runtime.rb:18:in `call'
  activesupport (4.2.5) lib/active_support/cache/strategy/local_cache_middleware.rb:28:in `call'
  rack (1.6.4) lib/rack/lock.rb:17:in `call'
  actionpack (4.2.5) lib/action_dispatch/middleware/static.rb:116:in `call'
  rack (1.6.4) lib/rack/sendfile.rb:113:in `call'
  railties (4.2.5) lib/rails/engine.rb:518:in `call'
  railties (4.2.5) lib/rails/application.rb:165:in `call'
  rack (1.6.4) lib/rack/lock.rb:17:in `call'
  rack (1.6.4) lib/rack/content_length.rb:15:in `call'
  rack (1.6.4) lib/rack/handler/webrick.rb:88:in `service'
  /home/pascal/.rvm/rubies/ruby-2.2.3/lib/ruby/2.2.0/webrick/httpserver.rb:138:in `service'
  /home/pascal/.rvm/rubies/ruby-2.2.3/lib/ruby/2.2.0/webrick/httpserver.rb:94:in `run'
  /home/pascal/.rvm/rubies/ruby-2.2.3/lib/ruby/2.2.0/webrick/server.rb:294:in `block in start_thread'


  Rendered /home/pascal/.rvm/gems/ruby-2.2.3@lockstockbarril/gems/actionpack-4.2.5/lib/action_dispatch/middleware/templates/rescues/_source.erb (3.6ms)
  Rendered /home/pascal/.rvm/gems/ruby-2.2.3@lockstockbarril/gems/actionpack-4.2.5/lib/action_dispatch/middleware/templates/rescues/_trace.html.erb (2.1ms)
  Rendered /home/pascal/.rvm/gems/ruby-2.2.3@lockstockbarril/gems/actionpack-4.2.5/lib/action_dispatch/middleware/templates/rescues/_request_and_response.html.erb (2.2ms)
  Rendered /home/pascal/.rvm/gems/ruby-2.2.3@lockstockbarril/gems/actionpack-4.2.5/lib/action_dispatch/middleware/templates/rescues/diagnostics.html.erb within rescues/layout (28.7ms)
  Rendered /home/pascal/.rvm/gems/ruby-2.2.3@lockstockbarril/gems/web-console-2.2.1/lib/web_console/templates/_markup.html.erb (1.0ms)
  Rendered /home/pascal/.rvm/gems/ruby-2.2.3@lockstockbarril/gems/web-console-2.2.1/lib/web_console/templates/_inner_console_markup.html.erb within layouts/inlined_string (0.9ms)
  Rendered /home/pascal/.rvm/gems/ruby-2.2.3@lockstockbarril/gems/web-console-2.2.1/lib/web_console/templates/_prompt_box_markup.html.erb within layouts/inlined_string (0.6ms)
  Rendered /home/pascal/.rvm/gems/ruby-2.2.3@lockstockbarril/gems/web-console-2.2.1/lib/web_console/templates/style.css.erb within layouts/inlined_string (0.6ms)
  Rendered /home/pascal/.rvm/gems/ruby-2.2.3@lockstockbarril/gems/web-console-2.2.1/lib/web_console/templates/console.js.erb within layouts/javascript (34.2ms)
  Rendered /home/pascal/.rvm/gems/ruby-2.2.3@lockstockbarril/gems/web-console-2.2.1/lib/web_console/templates/main.js.erb within layouts/javascript (0.5ms)
  Rendered /home/pascal/.rvm/gems/ruby-2.2.3@lockstockbarril/gems/web-console-2.2.1/lib/web_console/templates/error_page.js.erb within layouts/javascript (0.5ms)
  Rendered /home/pascal/.rvm/gems/ruby-2.2.3@lockstockbarril/gems/web-console-2.2.1/lib/web_console/templates/index.html.erb (97.8ms)
  [1m[36m (133.7ms)[0m  [1mCREATE TABLE "schema_migrations" ("version" varchar NOT NULL) [0m
  [1m[35m (0.2ms)[0m  select sqlite_version(*)
  [1m[36m (133.0ms)[0m  [1mCREATE UNIQUE INDEX "unique_schema_migrations" ON "schema_migrations" ("version")[0m
  [1m[35mActiveRecord::SchemaMigration Load (0.2ms)[0m  SELECT "schema_migrations".* FROM "schema_migrations"
Migrating to DeviseCreateUsers (20160119132254)
  [1m[36m (0.2ms)[0m  [1mbegin transaction[0m
  [1m[35m (0.5ms)[0m  CREATE TABLE "users" ("id" INTEGER PRIMARY KEY AUTOINCREMENT NOT NULL, "email" varchar DEFAULT '' NOT NULL, "encrypted_password" varchar DEFAULT '' NOT NULL, "reset_password_token" varchar, "reset_password_sent_at" datetime, "remember_created_at" datetime, "sign_in_count" integer DEFAULT 0 NOT NULL, "current_sign_in_at" datetime, "last_sign_in_at" datetime, "current_sign_in_ip" varchar, "last_sign_in_ip" varchar, "created_at" datetime NOT NULL, "updated_at" datetime NOT NULL) 
  [1m[36m (0.2ms)[0m  [1mCREATE UNIQUE INDEX "index_users_on_email" ON "users" ("email")[0m
  [1m[35m (0.1ms)[0m              SELECT sql
            FROM sqlite_master
            WHERE name='index_users_on_email' AND type='index'
            UNION ALL
            SELECT sql
            FROM sqlite_temp_master
            WHERE name='index_users_on_email' AND type='index'

  [1m[36m (0.2ms)[0m  [1mCREATE UNIQUE INDEX "index_users_on_reset_password_token" ON "users" ("reset_password_token")[0m
  [1m[35mSQL (0.3ms)[0m  INSERT INTO "schema_migrations" ("version") VALUES (?)  [["version", "20160119132254"]]
  [1m[36m (162.9ms)[0m  [1mcommit transaction[0m
Migrating to CreateArticles (20160119151131)
  [1m[35m (0.2ms)[0m  begin transaction
  [1m[36m (0.6ms)[0m  [1mCREATE TABLE "articles" ("id" INTEGER PRIMARY KEY AUTOINCREMENT NOT NULL, "reference" varchar, "created_at" datetime NOT NULL, "updated_at" datetime NOT NULL) [0m
  [1m[35mSQL (0.2ms)[0m  INSERT INTO "schema_migrations" ("version") VALUES (?)  [["version", "20160119151131"]]
  [1m[36m (141.3ms)[0m  [1mcommit transaction[0m
  [1m[35mActiveRecord::SchemaMigration Load (0.1ms)[0m  SELECT "schema_migrations".* FROM "schema_migrations"
  [1m[36m (0.1ms)[0m  [1m            SELECT sql
            FROM sqlite_master
            WHERE name='index_users_on_reset_password_token' AND type='index'
            UNION ALL
            SELECT sql
            FROM sqlite_temp_master
            WHERE name='index_users_on_reset_password_token' AND type='index'
[0m
  [1m[35m (0.2ms)[0m              SELECT sql
            FROM sqlite_master
            WHERE name='index_users_on_email' AND type='index'
            UNION ALL
            SELECT sql
            FROM sqlite_temp_master
            WHERE name='index_users_on_email' AND type='index'



Started GET "/" for 127.0.0.1 at 2016-01-21 14:00:08 +0100
  [1m[36mActiveRecord::SchemaMigration Load (0.1ms)[0m  [1mSELECT "schema_migrations".* FROM "schema_migrations"[0m
Processing by ArticlesController#index as HTML
Completed 401 Unauthorized in 20ms (ActiveRecord: 0.0ms)


Started GET "/users/sign_in" for 127.0.0.1 at 2016-01-21 14:00:08 +0100
Processing by Devise::SessionsController#new as HTML
  Rendered /home/pascal/.rvm/gems/ruby-2.2.3@lockstockbarril/gems/devise-3.5.4/app/views/devise/shared/_links.html.erb (13.5ms)
  Rendered /home/pascal/.rvm/gems/ruby-2.2.3@lockstockbarril/gems/devise-3.5.4/app/views/devise/sessions/new.html.erb within layouts/application (64.9ms)
Completed 200 OK in 401ms (Views: 383.7ms | ActiveRecord: 0.5ms)


Started GET "/assets/jquery.self-c64a74367bda6ef8b860f19e74df08927ca99d2be2ac934e9e92d5fd361e0da4.js?body=1" for 127.0.0.1 at 2016-01-21 14:00:08 +0100


Started GET "/assets/jquery_ujs.self-d602bdfe68ffc63b9f9cc512872aa3cfff046228a0a36e90dd476e8ef54c1b09.js?body=1" for 127.0.0.1 at 2016-01-21 14:00:08 +0100


Started GET "/assets/application.self-e80e8f2318043e8af94dddc2adad5a4f09739a8ebb323b3ab31cd71d45fd9113.css?body=1" for 127.0.0.1 at 2016-01-21 14:00:08 +0100


Started GET "/assets/turbolinks.self-c37727e9bd6b2735da5c311aa83fead54ed0be6cc8bd9a65309e9c5abe2cbfff.js?body=1" for 127.0.0.1 at 2016-01-21 14:00:08 +0100


Started GET "/assets/application.self-3b8dabdc891efe46b9a144b400ad69e37d7e5876bdc39dee783419a69d7ca819.js?body=1" for 127.0.0.1 at 2016-01-21 14:00:08 +0100


Started GET "/users/sign_up" for 127.0.0.1 at 2016-01-21 14:00:15 +0100
Processing by Devise::RegistrationsController#new as HTML
  Rendered /home/pascal/.rvm/gems/ruby-2.2.3@lockstockbarril/gems/devise-3.5.4/app/views/devise/shared/_links.html.erb (3.7ms)
  Rendered /home/pascal/.rvm/gems/ruby-2.2.3@lockstockbarril/gems/devise-3.5.4/app/views/devise/registrations/new.html.erb within layouts/application (13.5ms)
Completed 200 OK in 114ms (Views: 112.5ms | ActiveRecord: 0.0ms)


Started POST "/users" for 127.0.0.1 at 2016-01-21 14:00:29 +0100
Processing by Devise::RegistrationsController#create as HTML
  Parameters: {"utf8"=>"✓", "authenticity_token"=>"y+d/slsGWDgc5YdcuObRe90bIQnwWmPgMAwXVT+GcidmVZUL74HNIA7i4zq6GZOLwCVRJHXA4Hc3bSeERyZ5xQ==", "user"=>{"email"=>"pascal.carrie@gmail.com", "password"=>"[FILTERED]", "password_confirmation"=>"[FILTERED]"}, "commit"=>"Sign up"}
  [1m[35m (0.2ms)[0m  begin transaction
  [1m[36mUser Exists (0.2ms)[0m  [1mSELECT  1 AS one FROM "users" WHERE "users"."email" = 'pascal.carrie@gmail.com' LIMIT 1[0m
  [1m[35mSQL (0.3ms)[0m  INSERT INTO "users" ("email", "encrypted_password", "created_at", "updated_at") VALUES (?, ?, ?, ?)  [["email", "pascal.carrie@gmail.com"], ["encrypted_password", "$2a$10$HLzSijY72iPyBzixRrMaXebbqv2IGl1X33mVP7DT.YAJZE5Vcm0Mm"], ["created_at", "2016-01-21 13:00:29.852342"], ["updated_at", "2016-01-21 13:00:29.852342"]]
  [1m[36m (204.5ms)[0m  [1mcommit transaction[0m
  [1m[35m (0.1ms)[0m  begin transaction
  [1m[36mSQL (0.4ms)[0m  [1mUPDATE "users" SET "last_sign_in_at" = ?, "current_sign_in_at" = ?, "last_sign_in_ip" = ?, "current_sign_in_ip" = ?, "sign_in_count" = ?, "updated_at" = ? WHERE "users"."id" = ?[0m  [["last_sign_in_at", "2016-01-21 13:00:30.059811"], ["current_sign_in_at", "2016-01-21 13:00:30.059811"], ["last_sign_in_ip", "127.0.0.1"], ["current_sign_in_ip", "127.0.0.1"], ["sign_in_count", 1], ["updated_at", "2016-01-21 13:00:30.060771"], ["id", 1]]
  [1m[35m (124.6ms)[0m  commit transaction
Redirected to http://localhost:3000/
Completed 302 Found in 452ms (ActiveRecord: 330.3ms)


Started GET "/" for 127.0.0.1 at 2016-01-21 14:00:30 +0100
Processing by ArticlesController#index as HTML
  [1m[36mUser Load (0.5ms)[0m  [1mSELECT  "users".* FROM "users" WHERE "users"."id" = ?  ORDER BY "users"."id" ASC LIMIT 1[0m  [["id", 1]]
  [1m[35mArticle Load (0.2ms)[0m  SELECT "articles".* FROM "articles"
  Rendered articles/index.html.erb within layouts/application (2.0ms)
Completed 200 OK in 22ms (Views: 15.9ms | ActiveRecord: 0.8ms)


Started GET "/articles/new" for 127.0.0.1 at 2016-01-21 14:01:16 +0100
Processing by ArticlesController#new as HTML
  [1m[36mUser Load (0.2ms)[0m  [1mSELECT  "users".* FROM "users" WHERE "users"."id" = ?  ORDER BY "users"."id" ASC LIMIT 1[0m  [["id", 1]]
  Rendered articles/_form.html.erb (2.4ms)
  Rendered articles/new.html.erb within layouts/application (3.6ms)
Completed 200 OK in 20ms (Views: 14.8ms | ActiveRecord: 0.3ms)
  [1m[36m (0.2ms)[0m  [1mSELECT COUNT(*) FROM "articles"[0m
  [1m[35m (0.2ms)[0m  begin transaction
  [1m[36mSQL (0.4ms)[0m  [1mINSERT INTO "articles" ("reference", "created_at", "updated_at") VALUES (?, ?, ?)[0m  [["reference", "article 1"], ["created_at", "2016-01-21 13:02:08.572568"], ["updated_at", "2016-01-21 13:02:08.572568"]]
  [1m[35m (153.1ms)[0m  commit transaction


Started GET "/" for 127.0.0.1 at 2016-01-21 14:02:14 +0100
Processing by ArticlesController#index as HTML
  [1m[35mUser Load (0.2ms)[0m  SELECT  "users".* FROM "users" WHERE "users"."id" = ?  ORDER BY "users"."id" ASC LIMIT 1  [["id", 1]]
  [1m[36mArticle Load (0.2ms)[0m  [1mSELECT "articles".* FROM "articles"[0m
  Rendered articles/index.html.erb within layouts/application (1.2ms)
Completed 200 OK in 17ms (Views: 13.1ms | ActiveRecord: 0.4ms)


Started GET "/assets/application.self-e80e8f2318043e8af94dddc2adad5a4f09739a8ebb323b3ab31cd71d45fd9113.css?body=1" for 127.0.0.1 at 2016-01-21 14:02:14 +0100


Started GET "/assets/application.self-3b8dabdc891efe46b9a144b400ad69e37d7e5876bdc39dee783419a69d7ca819.js?body=1" for 127.0.0.1 at 2016-01-21 14:02:14 +0100


Started GET "/assets/jquery.self-c64a74367bda6ef8b860f19e74df08927ca99d2be2ac934e9e92d5fd361e0da4.js?body=1" for 127.0.0.1 at 2016-01-21 14:02:14 +0100


Started GET "/assets/jquery_ujs.self-d602bdfe68ffc63b9f9cc512872aa3cfff046228a0a36e90dd476e8ef54c1b09.js?body=1" for 127.0.0.1 at 2016-01-21 14:02:14 +0100


Started GET "/assets/turbolinks.self-c37727e9bd6b2735da5c311aa83fead54ed0be6cc8bd9a65309e9c5abe2cbfff.js?body=1" for 127.0.0.1 at 2016-01-21 14:02:14 +0100


Started GET "/" for 127.0.0.1 at 2016-01-21 14:06:44 +0100
Processing by ArticlesController#index as HTML
  [1m[35mUser Load (0.1ms)[0m  SELECT  "users".* FROM "users" WHERE "users"."id" = ?  ORDER BY "users"."id" ASC LIMIT 1  [["id", 1]]
  [1m[36mArticle Load (0.2ms)[0m  [1mSELECT "articles".* FROM "articles"[0m
  Rendered articles/index.html.erb within layouts/application (2.3ms)
Completed 200 OK in 19ms (Views: 16.4ms | ActiveRecord: 0.3ms)


Started GET "/assets/jquery.self-c64a74367bda6ef8b860f19e74df08927ca99d2be2ac934e9e92d5fd361e0da4.js?body=1" for 127.0.0.1 at 2016-01-21 14:06:44 +0100


Started GET "/assets/application.self-e80e8f2318043e8af94dddc2adad5a4f09739a8ebb323b3ab31cd71d45fd9113.css?body=1" for 127.0.0.1 at 2016-01-21 14:06:44 +0100


Started GET "/assets/jquery_ujs.self-d602bdfe68ffc63b9f9cc512872aa3cfff046228a0a36e90dd476e8ef54c1b09.js?body=1" for 127.0.0.1 at 2016-01-21 14:06:44 +0100


Started GET "/assets/turbolinks.self-c37727e9bd6b2735da5c311aa83fead54ed0be6cc8bd9a65309e9c5abe2cbfff.js?body=1" for 127.0.0.1 at 2016-01-21 14:06:44 +0100


Started GET "/assets/application.self-3b8dabdc891efe46b9a144b400ad69e37d7e5876bdc39dee783419a69d7ca819.js?body=1" for 127.0.0.1 at 2016-01-21 14:06:44 +0100


Started GET "/" for 127.0.0.1 at 2016-01-21 14:06:47 +0100
Processing by ArticlesController#index as HTML
  [1m[35mUser Load (0.1ms)[0m  SELECT  "users".* FROM "users" WHERE "users"."id" = ?  ORDER BY "users"."id" ASC LIMIT 1  [["id", 1]]
  [1m[36mArticle Load (0.3ms)[0m  [1mSELECT "articles".* FROM "articles"[0m
  Rendered articles/index.html.erb within layouts/application (2.0ms)
Completed 200 OK in 20ms (Views: 17.3ms | ActiveRecord: 0.4ms)


Started GET "/assets/application.self-e80e8f2318043e8af94dddc2adad5a4f09739a8ebb323b3ab31cd71d45fd9113.css?body=1" for 127.0.0.1 at 2016-01-21 14:06:47 +0100


Started GET "/assets/jquery.self-c64a74367bda6ef8b860f19e74df08927ca99d2be2ac934e9e92d5fd361e0da4.js?body=1" for 127.0.0.1 at 2016-01-21 14:06:47 +0100


Started GET "/assets/turbolinks.self-c37727e9bd6b2735da5c311aa83fead54ed0be6cc8bd9a65309e9c5abe2cbfff.js?body=1" for 127.0.0.1 at 2016-01-21 14:06:47 +0100


Started GET "/assets/jquery_ujs.self-d602bdfe68ffc63b9f9cc512872aa3cfff046228a0a36e90dd476e8ef54c1b09.js?body=1" for 127.0.0.1 at 2016-01-21 14:06:47 +0100


Started GET "/assets/application.self-3b8dabdc891efe46b9a144b400ad69e37d7e5876bdc39dee783419a69d7ca819.js?body=1" for 127.0.0.1 at 2016-01-21 14:06:47 +0100


Started GET "/" for 127.0.0.1 at 2016-01-21 14:07:23 +0100
Processing by ArticlesController#index as HTML
  [1m[35mUser Load (0.2ms)[0m  SELECT  "users".* FROM "users" WHERE "users"."id" = ?  ORDER BY "users"."id" ASC LIMIT 1  [["id", 1]]
  [1m[36mArticle Load (0.2ms)[0m  [1mSELECT "articles".* FROM "articles"[0m
  Rendered articles/index.html.erb within layouts/application (3.3ms)
Completed 200 OK in 23ms (Views: 19.8ms | ActiveRecord: 0.4ms)


Started GET "/assets/application.self-e80e8f2318043e8af94dddc2adad5a4f09739a8ebb323b3ab31cd71d45fd9113.css?body=1" for 127.0.0.1 at 2016-01-21 14:07:23 +0100


Started GET "/assets/jquery.self-c64a74367bda6ef8b860f19e74df08927ca99d2be2ac934e9e92d5fd361e0da4.js?body=1" for 127.0.0.1 at 2016-01-21 14:07:23 +0100


Started GET "/assets/jquery_ujs.self-d602bdfe68ffc63b9f9cc512872aa3cfff046228a0a36e90dd476e8ef54c1b09.js?body=1" for 127.0.0.1 at 2016-01-21 14:07:23 +0100


Started GET "/assets/application.self-3b8dabdc891efe46b9a144b400ad69e37d7e5876bdc39dee783419a69d7ca819.js?body=1" for 127.0.0.1 at 2016-01-21 14:07:23 +0100


Started GET "/assets/turbolinks.self-c37727e9bd6b2735da5c311aa83fead54ed0be6cc8bd9a65309e9c5abe2cbfff.js?body=1" for 127.0.0.1 at 2016-01-21 14:07:23 +0100


Started GET "/" for 127.0.0.1 at 2016-01-21 14:07:25 +0100
Processing by ArticlesController#index as HTML
  [1m[35mUser Load (0.2ms)[0m  SELECT  "users".* FROM "users" WHERE "users"."id" = ?  ORDER BY "users"."id" ASC LIMIT 1  [["id", 1]]
  [1m[36mArticle Load (0.3ms)[0m  [1mSELECT "articles".* FROM "articles"[0m
  Rendered articles/index.html.erb within layouts/application (2.4ms)
Completed 200 OK in 19ms (Views: 16.3ms | ActiveRecord: 0.5ms)


Started GET "/assets/jquery_ujs.self-d602bdfe68ffc63b9f9cc512872aa3cfff046228a0a36e90dd476e8ef54c1b09.js?body=1" for 127.0.0.1 at 2016-01-21 14:07:25 +0100


Started GET "/assets/application.self-3b8dabdc891efe46b9a144b400ad69e37d7e5876bdc39dee783419a69d7ca819.js?body=1" for 127.0.0.1 at 2016-01-21 14:07:25 +0100


Started GET "/assets/application.self-e80e8f2318043e8af94dddc2adad5a4f09739a8ebb323b3ab31cd71d45fd9113.css?body=1" for 127.0.0.1 at 2016-01-21 14:07:25 +0100


Started GET "/assets/jquery.self-c64a74367bda6ef8b860f19e74df08927ca99d2be2ac934e9e92d5fd361e0da4.js?body=1" for 127.0.0.1 at 2016-01-21 14:07:25 +0100


Started GET "/assets/turbolinks.self-c37727e9bd6b2735da5c311aa83fead54ed0be6cc8bd9a65309e9c5abe2cbfff.js?body=1" for 127.0.0.1 at 2016-01-21 14:07:25 +0100


Started GET "/" for 127.0.0.1 at 2016-01-21 14:08:03 +0100
Processing by ArticlesController#index as HTML
  [1m[35mUser Load (0.3ms)[0m  SELECT  "users".* FROM "users" WHERE "users"."id" = ?  ORDER BY "users"."id" ASC LIMIT 1  [["id", 1]]
  [1m[36mArticle Load (0.2ms)[0m  [1mSELECT "articles".* FROM "articles"[0m
  Rendered articles/index.html.erb within layouts/application (6.5ms)
Completed 500 Internal Server Error in 15ms (ActiveRecord: 0.5ms)

ActionView::Template::Error (undefined method `reference' for nil:NilClass):
    12:   <tbody>
    13:     <% @articles.each do |article| %>
    14:       <tr>
    15:         <td><%= @article.reference %></td>
    16:       </tr>
    17:       <tr>
    18:         <td><%= link_to 'Show', article %></td>
  app/views/articles/index.html.erb:15:in `block in _app_views_articles_index_html_erb__1753734163600843211_23106160'
  app/views/articles/index.html.erb:13:in `_app_views_articles_index_html_erb__1753734163600843211_23106160'


  Rendered /home/pascal/.rvm/gems/ruby-2.2.3@lockstockbarril/gems/actionpack-4.2.5/lib/action_dispatch/middleware/templates/rescues/_source.erb (7.5ms)
  Rendered /home/pascal/.rvm/gems/ruby-2.2.3@lockstockbarril/gems/actionpack-4.2.5/lib/action_dispatch/middleware/templates/rescues/_trace.html.erb (3.2ms)
  Rendered /home/pascal/.rvm/gems/ruby-2.2.3@lockstockbarril/gems/actionpack-4.2.5/lib/action_dispatch/middleware/templates/rescues/_request_and_response.html.erb (1.2ms)
  Rendered /home/pascal/.rvm/gems/ruby-2.2.3@lockstockbarril/gems/actionpack-4.2.5/lib/action_dispatch/middleware/templates/rescues/template_error.html.erb within rescues/layout (26.4ms)
  Rendered /home/pascal/.rvm/gems/ruby-2.2.3@lockstockbarril/gems/web-console-2.2.1/lib/web_console/templates/_markup.html.erb (0.4ms)
  Rendered /home/pascal/.rvm/gems/ruby-2.2.3@lockstockbarril/gems/web-console-2.2.1/lib/web_console/templates/_inner_console_markup.html.erb within layouts/inlined_string (0.5ms)
  Rendered /home/pascal/.rvm/gems/ruby-2.2.3@lockstockbarril/gems/web-console-2.2.1/lib/web_console/templates/_prompt_box_markup.html.erb within layouts/inlined_string (0.4ms)
  Rendered /home/pascal/.rvm/gems/ruby-2.2.3@lockstockbarril/gems/web-console-2.2.1/lib/web_console/templates/style.css.erb within layouts/inlined_string (0.3ms)
  Rendered /home/pascal/.rvm/gems/ruby-2.2.3@lockstockbarril/gems/web-console-2.2.1/lib/web_console/templates/console.js.erb within layouts/javascript (17.3ms)
  Rendered /home/pascal/.rvm/gems/ruby-2.2.3@lockstockbarril/gems/web-console-2.2.1/lib/web_console/templates/main.js.erb within layouts/javascript (0.3ms)
  Rendered /home/pascal/.rvm/gems/ruby-2.2.3@lockstockbarril/gems/web-console-2.2.1/lib/web_console/templates/error_page.js.erb within layouts/javascript (0.3ms)
  Rendered /home/pascal/.rvm/gems/ruby-2.2.3@lockstockbarril/gems/web-console-2.2.1/lib/web_console/templates/index.html.erb (34.1ms)


Started GET "/" for 127.0.0.1 at 2016-01-21 14:08:16 +0100
Processing by ArticlesController#index as HTML
  [1m[35mUser Load (0.1ms)[0m  SELECT  "users".* FROM "users" WHERE "users"."id" = ?  ORDER BY "users"."id" ASC LIMIT 1  [["id", 1]]
  [1m[36mArticle Load (0.3ms)[0m  [1mSELECT "articles".* FROM "articles"[0m
  Rendered articles/index.html.erb within layouts/application (3.6ms)
Completed 200 OK in 20ms (Views: 17.7ms | ActiveRecord: 0.4ms)


Started GET "/assets/application.self-e80e8f2318043e8af94dddc2adad5a4f09739a8ebb323b3ab31cd71d45fd9113.css?body=1" for 127.0.0.1 at 2016-01-21 14:08:17 +0100


Started GET "/assets/jquery.self-c64a74367bda6ef8b860f19e74df08927ca99d2be2ac934e9e92d5fd361e0da4.js?body=1" for 127.0.0.1 at 2016-01-21 14:08:17 +0100


Started GET "/assets/application.self-3b8dabdc891efe46b9a144b400ad69e37d7e5876bdc39dee783419a69d7ca819.js?body=1" for 127.0.0.1 at 2016-01-21 14:08:17 +0100


Started GET "/assets/jquery_ujs.self-d602bdfe68ffc63b9f9cc512872aa3cfff046228a0a36e90dd476e8ef54c1b09.js?body=1" for 127.0.0.1 at 2016-01-21 14:08:17 +0100


Started GET "/assets/turbolinks.self-c37727e9bd6b2735da5c311aa83fead54ed0be6cc8bd9a65309e9c5abe2cbfff.js?body=1" for 127.0.0.1 at 2016-01-21 14:08:17 +0100


Started GET "/" for 127.0.0.1 at 2016-01-21 14:09:50 +0100
Processing by ArticlesController#index as HTML
  [1m[35mUser Load (0.2ms)[0m  SELECT  "users".* FROM "users" WHERE "users"."id" = ?  ORDER BY "users"."id" ASC LIMIT 1  [["id", 1]]
  [1m[36mArticle Load (0.2ms)[0m  [1mSELECT "articles".* FROM "articles"[0m
  Rendered articles/index.html.erb within layouts/application (2.0ms)
Completed 200 OK in 18ms (Views: 14.5ms | ActiveRecord: 0.4ms)


Started GET "/assets/application.self-e80e8f2318043e8af94dddc2adad5a4f09739a8ebb323b3ab31cd71d45fd9113.css?body=1" for 127.0.0.1 at 2016-01-21 14:09:50 +0100


Started GET "/assets/jquery.self-c64a74367bda6ef8b860f19e74df08927ca99d2be2ac934e9e92d5fd361e0da4.js?body=1" for 127.0.0.1 at 2016-01-21 14:09:50 +0100


Started GET "/assets/turbolinks.self-c37727e9bd6b2735da5c311aa83fead54ed0be6cc8bd9a65309e9c5abe2cbfff.js?body=1" for 127.0.0.1 at 2016-01-21 14:09:50 +0100


Started GET "/assets/jquery_ujs.self-d602bdfe68ffc63b9f9cc512872aa3cfff046228a0a36e90dd476e8ef54c1b09.js?body=1" for 127.0.0.1 at 2016-01-21 14:09:50 +0100


Started GET "/assets/application.self-3b8dabdc891efe46b9a144b400ad69e37d7e5876bdc39dee783419a69d7ca819.js?body=1" for 127.0.0.1 at 2016-01-21 14:09:50 +0100


Started GET "/articles/new" for 127.0.0.1 at 2016-01-21 14:28:57 +0100
Processing by ArticlesController#new as HTML
  [1m[35mUser Load (0.2ms)[0m  SELECT  "users".* FROM "users" WHERE "users"."id" = ?  ORDER BY "users"."id" ASC LIMIT 1  [["id", 1]]
  Rendered articles/_form.html.erb (2.6ms)
  Rendered articles/new.html.erb within layouts/application (3.7ms)
Completed 200 OK in 19ms (Views: 16.4ms | ActiveRecord: 0.2ms)


Started GET "/articles/new" for 127.0.0.1 at 2016-01-21 14:29:15 +0100
Processing by ArticlesController#new as HTML
  [1m[36mUser Load (0.2ms)[0m  [1mSELECT  "users".* FROM "users" WHERE "users"."id" = ?  ORDER BY "users"."id" ASC LIMIT 1[0m  [["id", 1]]
  Rendered articles/_form.html.erb (2.7ms)
  Rendered articles/new.html.erb within layouts/application (4.0ms)
Completed 200 OK in 19ms (Views: 15.6ms | ActiveRecord: 0.2ms)


Started GET "/assets/application.self-e80e8f2318043e8af94dddc2adad5a4f09739a8ebb323b3ab31cd71d45fd9113.css?body=1" for 127.0.0.1 at 2016-01-21 14:29:15 +0100


Started GET "/assets/jquery.self-c64a74367bda6ef8b860f19e74df08927ca99d2be2ac934e9e92d5fd361e0da4.js?body=1" for 127.0.0.1 at 2016-01-21 14:29:15 +0100


Started GET "/assets/application.self-3b8dabdc891efe46b9a144b400ad69e37d7e5876bdc39dee783419a69d7ca819.js?body=1" for 127.0.0.1 at 2016-01-21 14:29:15 +0100


Started GET "/assets/jquery_ujs.self-d602bdfe68ffc63b9f9cc512872aa3cfff046228a0a36e90dd476e8ef54c1b09.js?body=1" for 127.0.0.1 at 2016-01-21 14:29:15 +0100


Started GET "/assets/turbolinks.self-c37727e9bd6b2735da5c311aa83fead54ed0be6cc8bd9a65309e9c5abe2cbfff.js?body=1" for 127.0.0.1 at 2016-01-21 14:29:15 +0100


Started POST "/articles" for 127.0.0.1 at 2016-01-21 14:29:37 +0100
Processing by ArticlesController#create as HTML
  Parameters: {"utf8"=>"✓", "authenticity_token"=>"uSeTN96317zABRTgiyZeIuavyS6uZuncWyrSdbIHZ+oUlXmOajBCpNICcIaJ2RzS+5G5Ayv8aktcS+KkyqdsCA==", "article"=>{"reference"=>"article 2"}, "commit"=>"Create Article"}
  [1m[35mUser Load (0.2ms)[0m  SELECT  "users".* FROM "users" WHERE "users"."id" = ?  ORDER BY "users"."id" ASC LIMIT 1  [["id", 1]]
  [1m[36m (0.1ms)[0m  [1mbegin transaction[0m
  [1m[35mSQL (0.4ms)[0m  INSERT INTO "articles" ("reference", "created_at", "updated_at") VALUES (?, ?, ?)  [["reference", "article 2"], ["created_at", "2016-01-21 13:29:37.818568"], ["updated_at", "2016-01-21 13:29:37.818568"]]
  [1m[36m (301.6ms)[0m  [1mcommit transaction[0m
Redirected to http://localhost:3000/articles/2
Completed 302 Found in 308ms (ActiveRecord: 302.2ms)


Started GET "/articles/2" for 127.0.0.1 at 2016-01-21 14:29:38 +0100
Processing by ArticlesController#show as HTML
  Parameters: {"id"=>"2"}
  [1m[35mUser Load (0.1ms)[0m  SELECT  "users".* FROM "users" WHERE "users"."id" = ?  ORDER BY "users"."id" ASC LIMIT 1  [["id", 1]]
  [1m[36mArticle Load (0.2ms)[0m  [1mSELECT  "articles".* FROM "articles" WHERE "articles"."id" = ? LIMIT 1[0m  [["id", 2]]
  Rendered articles/show.html.erb within layouts/application (0.9ms)
Completed 200 OK in 18ms (Views: 14.0ms | ActiveRecord: 0.3ms)


Started POST "/articles" for 127.0.0.1 at 2016-01-21 14:34:55 +0100
Processing by ArticlesController#create as HTML
  Parameters: {"utf8"=>"✓", "authenticity_token"=>"uSeTN96317zABRTgiyZeIuavyS6uZuncWyrSdbIHZ+oUlXmOajBCpNICcIaJ2RzS+5G5Ayv8aktcS+KkyqdsCA==", "article"=>{"reference"=>"article 2"}, "commit"=>"Create Article"}
  [1m[35mUser Load (0.2ms)[0m  SELECT  "users".* FROM "users" WHERE "users"."id" = ?  ORDER BY "users"."id" ASC LIMIT 1  [["id", 1]]
  [1m[36m (0.1ms)[0m  [1mbegin transaction[0m
  [1m[35mSQL (0.2ms)[0m  INSERT INTO "articles" ("reference", "created_at", "updated_at") VALUES (?, ?, ?)  [["reference", "article 2"], ["created_at", "2016-01-21 13:34:55.551932"], ["updated_at", "2016-01-21 13:34:55.551932"]]
  [1m[36m (243.3ms)[0m  [1mcommit transaction[0m
Redirected to http://localhost:3000/articles/3
Completed 302 Found in 249ms (ActiveRecord: 243.8ms)


Started GET "/articles/3" for 127.0.0.1 at 2016-01-21 14:34:55 +0100
Processing by ArticlesController#show as HTML
  Parameters: {"id"=>"3"}
  [1m[35mUser Load (0.2ms)[0m  SELECT  "users".* FROM "users" WHERE "users"."id" = ?  ORDER BY "users"."id" ASC LIMIT 1  [["id", 1]]
  [1m[36mArticle Load (0.1ms)[0m  [1mSELECT  "articles".* FROM "articles" WHERE "articles"."id" = ? LIMIT 1[0m  [["id", 3]]
  Rendered articles/show.html.erb within layouts/application (0.4ms)
Completed 200 OK in 16ms (Views: 13.4ms | ActiveRecord: 0.3ms)


Started GET "/" for 127.0.0.1 at 2016-01-21 16:23:29 +0100
Processing by ArticlesController#index as HTML
  [1m[35mUser Load (0.2ms)[0m  SELECT  "users".* FROM "users" WHERE "users"."id" = ?  ORDER BY "users"."id" ASC LIMIT 1  [["id", 1]]
  [1m[36mArticle Load (0.3ms)[0m  [1mSELECT "articles".* FROM "articles"[0m
  Rendered articles/index.html.erb within layouts/application (4.3ms)
Completed 200 OK in 29ms (Views: 25.7ms | ActiveRecord: 0.5ms)


Started GET "/articles/1" for 127.0.0.1 at 2016-01-21 16:46:57 +0100
Processing by ArticlesController#show as HTML
  Parameters: {"id"=>"1"}
  [1m[35mUser Load (0.1ms)[0m  SELECT  "users".* FROM "users" WHERE "users"."id" = ?  ORDER BY "users"."id" ASC LIMIT 1  [["id", 1]]
  [1m[36mArticle Load (0.1ms)[0m  [1mSELECT  "articles".* FROM "articles" WHERE "articles"."id" = ? LIMIT 1[0m  [["id", 1]]
  Rendered articles/show.html.erb within layouts/application (1.2ms)
Completed 200 OK in 19ms (Views: 16.2ms | ActiveRecord: 0.2ms)


Started GET "/articles/1" for 127.0.0.1 at 2016-01-21 17:03:34 +0100
Processing by ArticlesController#show as HTML
  Parameters: {"id"=>"1"}
  [1m[35mUser Load (0.2ms)[0m  SELECT  "users".* FROM "users" WHERE "users"."id" = ?  ORDER BY "users"."id" ASC LIMIT 1  [["id", 1]]
  [1m[36mArticle Load (0.1ms)[0m  [1mSELECT  "articles".* FROM "articles" WHERE "articles"."id" = ? LIMIT 1[0m  [["id", 1]]
  Rendered articles/show.html.erb within layouts/application (1.0ms)
Completed 200 OK in 17ms (Views: 13.7ms | ActiveRecord: 0.3ms)


Started GET "/assets/application.self-e80e8f2318043e8af94dddc2adad5a4f09739a8ebb323b3ab31cd71d45fd9113.css?body=1" for 127.0.0.1 at 2016-01-21 17:03:34 +0100


Started GET "/assets/turbolinks.self-c37727e9bd6b2735da5c311aa83fead54ed0be6cc8bd9a65309e9c5abe2cbfff.js?body=1" for 127.0.0.1 at 2016-01-21 17:03:34 +0100


Started GET "/assets/application.self-3b8dabdc891efe46b9a144b400ad69e37d7e5876bdc39dee783419a69d7ca819.js?body=1" for 127.0.0.1 at 2016-01-21 17:03:34 +0100


Started GET "/assets/jquery.self-c64a74367bda6ef8b860f19e74df08927ca99d2be2ac934e9e92d5fd361e0da4.js?body=1" for 127.0.0.1 at 2016-01-21 17:03:34 +0100


Started GET "/assets/jquery_ujs.self-d602bdfe68ffc63b9f9cc512872aa3cfff046228a0a36e90dd476e8ef54c1b09.js?body=1" for 127.0.0.1 at 2016-01-21 17:03:35 +0100


Started GET "/articles/1/edit" for 127.0.0.1 at 2016-01-21 17:30:31 +0100
Processing by ArticlesController#edit as HTML
  Parameters: {"id"=>"1"}
  [1m[35mUser Load (0.2ms)[0m  SELECT  "users".* FROM "users" WHERE "users"."id" = ?  ORDER BY "users"."id" ASC LIMIT 1  [["id", 1]]
  [1m[36mArticle Load (0.1ms)[0m  [1mSELECT  "articles".* FROM "articles" WHERE "articles"."id" = ? LIMIT 1[0m  [["id", 1]]
  Rendered articles/_form.html.erb (2.8ms)
  Rendered articles/edit.html.erb within layouts/application (4.9ms)
Completed 200 OK in 21ms (Views: 17.5ms | ActiveRecord: 0.3ms)


Started PATCH "/articles/1" for 127.0.0.1 at 2016-01-21 17:51:21 +0100
Processing by ArticlesController#update as HTML
  Parameters: {"utf8"=>"✓", "authenticity_token"=>"H+Ztj1T2EhRNFAoUzxFRBTKl0+uTHgcVeWDJusP7mi2yVIc24HGHDF8TbnLN7hP1L5ujxhaEhIJ+Aflru1uRzw==", "article"=>{"reference"=>"article 1"}, "commit"=>"Update Article", "id"=>"1"}
  [1m[35mUser Load (0.1ms)[0m  SELECT  "users".* FROM "users" WHERE "users"."id" = ?  ORDER BY "users"."id" ASC LIMIT 1  [["id", 1]]
  [1m[36mArticle Load (0.1ms)[0m  [1mSELECT  "articles".* FROM "articles" WHERE "articles"."id" = ? LIMIT 1[0m  [["id", 1]]
  [1m[35m (0.1ms)[0m  begin transaction
  [1m[36m (0.1ms)[0m  [1mcommit transaction[0m
Redirected to http://localhost:3000/articles/1
Completed 302 Found in 4ms (ActiveRecord: 0.3ms)


Started GET "/articles/1" for 127.0.0.1 at 2016-01-21 17:51:21 +0100
Processing by ArticlesController#show as HTML
  Parameters: {"id"=>"1"}
  [1m[35mUser Load (0.2ms)[0m  SELECT  "users".* FROM "users" WHERE "users"."id" = ?  ORDER BY "users"."id" ASC LIMIT 1  [["id", 1]]
  [1m[36mArticle Load (0.1ms)[0m  [1mSELECT  "articles".* FROM "articles" WHERE "articles"."id" = ? LIMIT 1[0m  [["id", 1]]
  Rendered articles/show.html.erb within layouts/application (1.1ms)
Completed 200 OK in 19ms (Views: 15.9ms | ActiveRecord: 0.3ms)
